
[START] Test 'Tests_API/test_api.py::test_auth_user' - 16:01:56
[RESULT] Test 'Tests_API/test_api.py::test_auth_user' -> PASSED
[END] Test 'Tests_API/test_api.py::test_auth_user' finished in 0.02 seconds.

[START] Test 'Tests_API/test_api.py::test_scenario_eigth' - 16:01:56
[RESULT] Test 'Tests_API/test_api.py::test_scenario_eigth' -> PASSED
[END] Test 'Tests_API/test_api.py::test_scenario_eigth' finished in 0.01 seconds.

[START] Test 'Tests_API/test_api.py::test_scenario_nine' - 16:01:56
[RESULT] Test 'Tests_API/test_api.py::test_scenario_nine' -> PASSED
[END] Test 'Tests_API/test_api.py::test_scenario_nine' finished in 0.01 seconds.

[START] Test 'Tests_API/test_api.py::test_scenario_ten' - 16:01:56
[RESULT] Test 'Tests_API/test_api.py::test_scenario_ten' -> PASSED
[END] Test 'Tests_API/test_api.py::test_scenario_ten' finished in 0.01 seconds.

[START] Test 'Tests_API/test_api.py::test_scenario_eleven' - 16:01:56
[RESULT] Test 'Tests_API/test_api.py::test_scenario_eleven' -> PASSED
[END] Test 'Tests_API/test_api.py::test_scenario_eleven' finished in 0.01 seconds.

[START] Test 'Tests_API/test_api.py::test_scenario_twelve' - 16:01:56
[RESULT] Test 'Tests_API/test_api.py::test_scenario_twelve' -> PASSED
[END] Test 'Tests_API/test_api.py::test_scenario_twelve' finished in 0.01 seconds.

[START] Test 'Tests_API/test_api.py::test_scenario_thirteen' - 16:01:56
[RESULT] Test 'Tests_API/test_api.py::test_scenario_thirteen' -> PASSED
[END] Test 'Tests_API/test_api.py::test_scenario_thirteen' finished in 0.01 seconds.

[START] Test 'Tests_API/test_api.py::test_scenario_fourteen' - 16:01:56
[RESULT] Test 'Tests_API/test_api.py::test_scenario_fourteen' -> PASSED
[END] Test 'Tests_API/test_api.py::test_scenario_fourteen' finished in 0.02 seconds.

[START] Test 'Tests_API/test_api.py::test_auth_user' - 16:03:34
[RESULT] Test 'Tests_API/test_api.py::test_auth_user' -> PASSED
[END] Test 'Tests_API/test_api.py::test_auth_user' finished in 0.02 seconds.

[START] Test 'Tests_API/test_api.py::test_scenario_eigth' - 16:03:34
[RESULT] Test 'Tests_API/test_api.py::test_scenario_eigth' -> PASSED
[END] Test 'Tests_API/test_api.py::test_scenario_eigth' finished in 0.01 seconds.

[START] Test 'Tests_API/test_api.py::test_scenario_nine' - 16:03:34
[RESULT] Test 'Tests_API/test_api.py::test_scenario_nine' -> PASSED
[END] Test 'Tests_API/test_api.py::test_scenario_nine' finished in 0.01 seconds.

[START] Test 'Tests_API/test_api.py::test_scenario_ten' - 16:03:34
[RESULT] Test 'Tests_API/test_api.py::test_scenario_ten' -> PASSED
[END] Test 'Tests_API/test_api.py::test_scenario_ten' finished in 0.01 seconds.

[START] Test 'Tests_API/test_api.py::test_scenario_eleven' - 16:03:34
[RESULT] Test 'Tests_API/test_api.py::test_scenario_eleven' -> PASSED
[END] Test 'Tests_API/test_api.py::test_scenario_eleven' finished in 0.01 seconds.

[START] Test 'Tests_API/test_api.py::test_scenario_twelve' - 16:03:34
[RESULT] Test 'Tests_API/test_api.py::test_scenario_twelve' -> PASSED
[END] Test 'Tests_API/test_api.py::test_scenario_twelve' finished in 0.01 seconds.

[START] Test 'Tests_API/test_api.py::test_scenario_thirteen' - 16:03:34
[RESULT] Test 'Tests_API/test_api.py::test_scenario_thirteen' -> PASSED
[END] Test 'Tests_API/test_api.py::test_scenario_thirteen' finished in 0.01 seconds.

[START] Test 'Tests_API/test_api.py::test_scenario_fourteen' - 16:03:34
[RESULT] Test 'Tests_API/test_api.py::test_scenario_fourteen' -> PASSED
[END] Test 'Tests_API/test_api.py::test_scenario_fourteen' finished in 0.02 seconds.

[START] Test 'Tests_API/test_api.py::test_auth_user' - 16:06:53
[RESULT] Test 'Tests_API/test_api.py::test_auth_user' -> PASSED
[END] Test 'Tests_API/test_api.py::test_auth_user' finished in 0.02 seconds.

[START] Test 'Tests_API/test_api.py::test_scenario_eigth' - 16:06:53
[RESULT] Test 'Tests_API/test_api.py::test_scenario_eigth' -> PASSED
[END] Test 'Tests_API/test_api.py::test_scenario_eigth' finished in 0.01 seconds.

[START] Test 'Tests_API/test_api.py::test_scenario_nine' - 16:06:53
[RESULT] Test 'Tests_API/test_api.py::test_scenario_nine' -> PASSED
[END] Test 'Tests_API/test_api.py::test_scenario_nine' finished in 0.01 seconds.

[START] Test 'Tests_API/test_api.py::test_scenario_ten' - 16:06:53
[RESULT] Test 'Tests_API/test_api.py::test_scenario_ten' -> PASSED
[END] Test 'Tests_API/test_api.py::test_scenario_ten' finished in 0.01 seconds.

[START] Test 'Tests_API/test_api.py::test_scenario_eleven' - 16:06:53
[RESULT] Test 'Tests_API/test_api.py::test_scenario_eleven' -> PASSED
[END] Test 'Tests_API/test_api.py::test_scenario_eleven' finished in 0.01 seconds.

[START] Test 'Tests_API/test_api.py::test_scenario_twelve' - 16:06:53
[RESULT] Test 'Tests_API/test_api.py::test_scenario_twelve' -> PASSED
[END] Test 'Tests_API/test_api.py::test_scenario_twelve' finished in 0.01 seconds.

[START] Test 'Tests_API/test_api.py::test_scenario_thirteen' - 16:06:53
[RESULT] Test 'Tests_API/test_api.py::test_scenario_thirteen' -> PASSED
[END] Test 'Tests_API/test_api.py::test_scenario_thirteen' finished in 0.01 seconds.

[START] Test 'Tests_API/test_api.py::test_scenario_fourteen' - 16:06:53
[RESULT] Test 'Tests_API/test_api.py::test_scenario_fourteen' -> PASSED
[END] Test 'Tests_API/test_api.py::test_scenario_fourteen' finished in 0.02 seconds.

[START] Test 'Tests_API/test_api.py::test_scenario_fifteen' - 16:06:53
[RESULT] Test 'Tests_API/test_api.py::test_scenario_fifteen' -> PASSED
[END] Test 'Tests_API/test_api.py::test_scenario_fifteen' finished in 0.03 seconds.

[START] Test 'Tests_API/test_api.py::test_auth_user' - 16:07:58
[RESULT] Test 'Tests_API/test_api.py::test_auth_user' -> PASSED
[END] Test 'Tests_API/test_api.py::test_auth_user' finished in 0.02 seconds.

[START] Test 'Tests_API/test_api.py::test_scenario_eigth' - 16:07:58
[RESULT] Test 'Tests_API/test_api.py::test_scenario_eigth' -> PASSED
[END] Test 'Tests_API/test_api.py::test_scenario_eigth' finished in 0.01 seconds.

[START] Test 'Tests_API/test_api.py::test_scenario_nine' - 16:07:58
[RESULT] Test 'Tests_API/test_api.py::test_scenario_nine' -> PASSED
[END] Test 'Tests_API/test_api.py::test_scenario_nine' finished in 0.02 seconds.

[START] Test 'Tests_API/test_api.py::test_scenario_ten' - 16:07:58
[RESULT] Test 'Tests_API/test_api.py::test_scenario_ten' -> PASSED
[END] Test 'Tests_API/test_api.py::test_scenario_ten' finished in 0.01 seconds.

[START] Test 'Tests_API/test_api.py::test_scenario_eleven' - 16:07:58
[RESULT] Test 'Tests_API/test_api.py::test_scenario_eleven' -> PASSED
[END] Test 'Tests_API/test_api.py::test_scenario_eleven' finished in 0.01 seconds.

[START] Test 'Tests_API/test_api.py::test_scenario_twelve' - 16:07:58
[RESULT] Test 'Tests_API/test_api.py::test_scenario_twelve' -> PASSED
[END] Test 'Tests_API/test_api.py::test_scenario_twelve' finished in 0.01 seconds.

[START] Test 'Tests_API/test_api.py::test_scenario_thirteen' - 16:07:58
[RESULT] Test 'Tests_API/test_api.py::test_scenario_thirteen' -> PASSED
[END] Test 'Tests_API/test_api.py::test_scenario_thirteen' finished in 0.01 seconds.

[START] Test 'Tests_API/test_api.py::test_scenario_fourteen' - 16:07:58
[RESULT] Test 'Tests_API/test_api.py::test_scenario_fourteen' -> PASSED
[END] Test 'Tests_API/test_api.py::test_scenario_fourteen' finished in 0.03 seconds.

[START] Test 'Tests_API/test_api.py::test_scenario_fifteen' - 16:07:58
[RESULT] Test 'Tests_API/test_api.py::test_scenario_fifteen' -> PASSED
[END] Test 'Tests_API/test_api.py::test_scenario_fifteen' finished in 0.03 seconds.

[START] Test 'Tests_API/test_api.py::test_auth_user' - 16:08:15
[RESULT] Test 'Tests_API/test_api.py::test_auth_user' -> PASSED
[END] Test 'Tests_API/test_api.py::test_auth_user' finished in 0.01 seconds.

[START] Test 'Tests_API/test_api.py::test_scenario_eigth' - 16:08:15
[RESULT] Test 'Tests_API/test_api.py::test_scenario_eigth' -> FAILED
[END] Test 'Tests_API/test_api.py::test_scenario_eigth' finished in 0.06 seconds.

[START] Test 'Tests_API/test_api.py::test_scenario_nine' - 16:08:15
[RESULT] Test 'Tests_API/test_api.py::test_scenario_nine' -> FAILED
[END] Test 'Tests_API/test_api.py::test_scenario_nine' finished in 0.01 seconds.

[START] Test 'Tests_API/test_api.py::test_scenario_ten' - 16:08:15
[RESULT] Test 'Tests_API/test_api.py::test_scenario_ten' -> PASSED
[END] Test 'Tests_API/test_api.py::test_scenario_ten' finished in 0.01 seconds.

[START] Test 'Tests_API/test_api.py::test_scenario_eleven' - 16:08:15
[RESULT] Test 'Tests_API/test_api.py::test_scenario_eleven' -> FAILED
[END] Test 'Tests_API/test_api.py::test_scenario_eleven' finished in 0.01 seconds.

[START] Test 'Tests_API/test_api.py::test_scenario_twelve' - 16:08:15
[RESULT] Test 'Tests_API/test_api.py::test_scenario_twelve' -> FAILED
[END] Test 'Tests_API/test_api.py::test_scenario_twelve' finished in 0.01 seconds.

[START] Test 'Tests_API/test_api.py::test_scenario_thirteen' - 16:08:15
[RESULT] Test 'Tests_API/test_api.py::test_scenario_thirteen' -> PASSED
[END] Test 'Tests_API/test_api.py::test_scenario_thirteen' finished in 0.01 seconds.

[START] Test 'Tests_API/test_api.py::test_scenario_fourteen' - 16:08:15
[RESULT] Test 'Tests_API/test_api.py::test_scenario_fourteen' -> FAILED
[END] Test 'Tests_API/test_api.py::test_scenario_fourteen' finished in 0.02 seconds.

[START] Test 'Tests_API/test_api.py::test_scenario_fifteen' - 16:08:15
[RESULT] Test 'Tests_API/test_api.py::test_scenario_fifteen' -> FAILED
[END] Test 'Tests_API/test_api.py::test_scenario_fifteen' finished in 0.02 seconds.

[START] Test 'Tests_API/test_api.py::test_auth_user' - 16:08:28
[RESULT] Test 'Tests_API/test_api.py::test_auth_user' -> PASSED
[END] Test 'Tests_API/test_api.py::test_auth_user' finished in 0.02 seconds.

[START] Test 'Tests_API/test_api.py::test_scenario_eigth' - 16:08:28
[RESULT] Test 'Tests_API/test_api.py::test_scenario_eigth' -> PASSED
[END] Test 'Tests_API/test_api.py::test_scenario_eigth' finished in 0.01 seconds.

[START] Test 'Tests_API/test_api.py::test_scenario_nine' - 16:08:28
[RESULT] Test 'Tests_API/test_api.py::test_scenario_nine' -> PASSED
[END] Test 'Tests_API/test_api.py::test_scenario_nine' finished in 0.02 seconds.

[START] Test 'Tests_API/test_api.py::test_scenario_ten' - 16:08:28
[RESULT] Test 'Tests_API/test_api.py::test_scenario_ten' -> PASSED
[END] Test 'Tests_API/test_api.py::test_scenario_ten' finished in 0.01 seconds.

[START] Test 'Tests_API/test_api.py::test_scenario_eleven' - 16:08:28
[RESULT] Test 'Tests_API/test_api.py::test_scenario_eleven' -> PASSED
[END] Test 'Tests_API/test_api.py::test_scenario_eleven' finished in 0.02 seconds.

[START] Test 'Tests_API/test_api.py::test_scenario_twelve' - 16:08:28
[RESULT] Test 'Tests_API/test_api.py::test_scenario_twelve' -> PASSED
[END] Test 'Tests_API/test_api.py::test_scenario_twelve' finished in 0.02 seconds.

[START] Test 'Tests_API/test_api.py::test_scenario_thirteen' - 16:08:28
[RESULT] Test 'Tests_API/test_api.py::test_scenario_thirteen' -> PASSED
[END] Test 'Tests_API/test_api.py::test_scenario_thirteen' finished in 0.01 seconds.

[START] Test 'Tests_API/test_api.py::test_scenario_fourteen' - 16:08:28
[RESULT] Test 'Tests_API/test_api.py::test_scenario_fourteen' -> PASSED
[END] Test 'Tests_API/test_api.py::test_scenario_fourteen' finished in 0.02 seconds.

[START] Test 'Tests_API/test_api.py::test_scenario_fifteen' - 16:08:28
[RESULT] Test 'Tests_API/test_api.py::test_scenario_fifteen' -> PASSED
[END] Test 'Tests_API/test_api.py::test_scenario_fifteen' finished in 0.03 seconds.
